Tue Apr 03 2018 08:36:20 GMT-0400 (Eastern Daylight Time) : GET  /
Tue Apr 03 2018 08:36:30 GMT-0400 (Eastern Daylight Time) : GET  /
Tue Apr 03 2018 08:47:07 GMT-0400 (Eastern Daylight Time) : GET  /
Tue Apr 03 2018 08:49:09 GMT-0400 (Eastern Daylight Time) : GET  /help.html
Tue Apr 03 2018 08:49:53 GMT-0400 (Eastern Daylight Time) : GET  /help.html
Tue Apr 03 2018 08:49:59 GMT-0400 (Eastern Daylight Time) : GET  /about
Tue Apr 03 2018 08:50:12 GMT-0400 (Eastern Daylight Time) : GET  /about
Tue Apr 03 2018 08:50:24 GMT-0400 (Eastern Daylight Time) : GET  /about
Tue Apr 03 2018 08:51:12 GMT-0400 (Eastern Daylight Time) : GET  /about
Tue Apr 03 2018 08:51:15 GMT-0400 (Eastern Daylight Time) : GET  /help.html
Wed Apr 04 2018 20:45:22 GMT-0400 (Eastern Daylight Time) : GET  /
Wed Apr 04 2018 20:45:39 GMT-0400 (Eastern Daylight Time) : GET  /
Wed Apr 04 2018 20:46:02 GMT-0400 (Eastern Daylight Time) : GET  /
Wed Apr 04 2018 20:46:35 GMT-0400 (Eastern Daylight Time) : GET  /
Wed Apr 04 2018 20:46:43 GMT-0400 (Eastern Daylight Time) : GET  /
Wed Apr 04 2018 20:46:59 GMT-0400 (Eastern Daylight Time) : GET  /
Wed Apr 04 2018 20:47:01 GMT-0400 (Eastern Daylight Time) : GET  /about
Wed Apr 04 2018 20:47:04 GMT-0400 (Eastern Daylight Time) : GET  /
Wed Apr 04 2018 20:57:19 GMT-0400 (Eastern Daylight Time) : GET  /
Wed Apr 04 2018 20:57:35 GMT-0400 (Eastern Daylight Time) : GET  /
Wed Apr 04 2018 20:57:38 GMT-0400 (Eastern Daylight Time) : GET  /projects
Wed Apr 04 2018 20:57:41 GMT-0400 (Eastern Daylight Time) : GET  /about
